{"text": "2023-11-25 11:25:09 | INFO    | __main__:stash:131 | run - {'image': '20231121', 'version': '0.10.1.post1', 'role': 'EpicPlayer', 'headless': True}\n", "record": {"elapsed": {"repr": "0:00:00.877173", "seconds": 0.877173}, "exception": null, "extra": {"image": "20231121", "version": "0.10.1.post1", "role": "EpicPlayer", "headless": true}, "file": {"name": "claim.py", "path": "/home/runner/work/auto-game/auto-game/epic/src/claim.py"}, "function": "stash", "level": {"icon": "‚ÑπÔ∏è", "name": "INFO", "no": 20}, "line": 131, "message": "run", "module": "claim", "name": "__main__", "process": {"id": 3611, "name": "MainProcess"}, "thread": {"id": 139805987777408, "name": "MainThread"}, "time": {"repr": "2023-11-25 11:25:09.320293+08:00", "timestamp": 1700882709.320293}}}
{"text": "2023-11-25 11:25:16 | DEBUG    | __main__:create_tasks:66 | Put task - {'title': 'Deliver Us Mars', 'url': 'https://store.epicgames.com/en-US/p/deliver-us-mars'}\n", "record": {"elapsed": {"repr": "0:00:07.991894", "seconds": 7.991894}, "exception": null, "extra": {"title": "Deliver Us Mars", "url": "https://store.epicgames.com/en-US/p/deliver-us-mars"}, "file": {"name": "claim.py", "path": "/home/runner/work/auto-game/auto-game/epic/src/claim.py"}, "function": "create_tasks", "level": {"icon": "üêû", "name": "DEBUG", "no": 10}, "line": 66, "message": "Put task", "module": "claim", "name": "__main__", "process": {"id": 3611, "name": "MainProcess"}, "thread": {"id": 139805987777408, "name": "MainThread"}, "time": {"repr": "2023-11-25 11:25:16.435014+08:00", "timestamp": 1700882716.435014}}}
{"text": "2023-11-25 11:25:21 | INFO    | epic_games.agent:claim_weekly_games:294 | claim_weekly_games - {'action': 'go to store', 'url': 'https://store.epicgames.com/en-US/p/deliver-us-mars'}\n", "record": {"elapsed": {"repr": "0:00:13.524193", "seconds": 13.524193}, "exception": null, "extra": {"action": "go to store", "url": "https://store.epicgames.com/en-US/p/deliver-us-mars"}, "file": {"name": "agent.py", "path": "/home/runner/work/auto-game/auto-game/epic/src/epic_games/agent.py"}, "function": "claim_weekly_games", "level": {"icon": "‚ÑπÔ∏è", "name": "INFO", "no": 20}, "line": 294, "message": "claim_weekly_games", "module": "agent", "name": "epic_games.agent", "process": {"id": 3611, "name": "MainProcess"}, "thread": {"id": 139805987777408, "name": "MainThread"}, "time": {"repr": "2023-11-25 11:25:21.967313+08:00", "timestamp": 1700882721.967313}}}
{"text": "2023-11-25 11:25:29 | INFO    | epic_games.agent:claim_weekly_games:326 | claim_weekly_games - {'action': 'move to webPurchaseContainer iframe'}\n", "record": {"elapsed": {"repr": "0:00:21.540412", "seconds": 21.540412}, "exception": null, "extra": {"action": "move to webPurchaseContainer iframe"}, "file": {"name": "agent.py", "path": "/home/runner/work/auto-game/auto-game/epic/src/epic_games/agent.py"}, "function": "claim_weekly_games", "level": {"icon": "‚ÑπÔ∏è", "name": "INFO", "no": 20}, "line": 326, "message": "claim_weekly_games", "module": "agent", "name": "epic_games.agent", "process": {"id": 3611, "name": "MainProcess"}, "thread": {"id": 139805987777408, "name": "MainThread"}, "time": {"repr": "2023-11-25 11:25:29.983532+08:00", "timestamp": 1700882729.983532}}}
{"text": "2023-11-25 11:25:32 | INFO    | epic_games.agent:claim_weekly_games:328 | claim_weekly_games - {'action': 'click payment button'}\n", "record": {"elapsed": {"repr": "0:00:24.105903", "seconds": 24.105903}, "exception": null, "extra": {"action": "click payment button"}, "file": {"name": "agent.py", "path": "/home/runner/work/auto-game/auto-game/epic/src/epic_games/agent.py"}, "function": "claim_weekly_games", "level": {"icon": "‚ÑπÔ∏è", "name": "INFO", "no": 20}, "line": 328, "message": "claim_weekly_games", "module": "agent", "name": "epic_games.agent", "process": {"id": 3611, "name": "MainProcess"}, "thread": {"id": 139805987777408, "name": "MainThread"}, "time": {"repr": "2023-11-25 11:25:32.549023+08:00", "timestamp": 1700882732.549023}}}
{"text": "2023-11-25 11:25:37 | DEBUG    | hcaptcha_challenger.agents.playwright.control:_parse_label:241 | get task - {'prompt': 'Please click on the most similar object to the following reference —ïh–∞—Ä–µ:'}\n", "record": {"elapsed": {"repr": "0:00:29.108114", "seconds": 29.108114}, "exception": null, "extra": {"prompt": "Please click on the most similar object to the following reference —ïh–∞—Ä–µ:"}, "file": {"name": "control.py", "path": "/opt/hostedtoolcache/Python/3.10.13/x64/lib/python3.10/site-packages/hcaptcha_challenger/agents/playwright/control.py"}, "function": "_parse_label", "level": {"icon": "üêû", "name": "DEBUG", "no": 10}, "line": 241, "message": "get task", "module": "control", "name": "hcaptcha_challenger.agents.playwright.control", "process": {"id": 3611, "name": "MainProcess"}, "thread": {"id": 139805987777408, "name": "MainThread"}, "time": {"repr": "2023-11-25 11:25:37.551234+08:00", "timestamp": 1700882737.551234}}}
{"text": "2023-11-25 11:25:39 | DEBUG    | hcaptcha_challenger.agents.playwright.control:lookup_objects:317 | handle task - {'catch_model': 'most_similar_object_hexagon_2309_yolov8n-seg.onnx', 'ash': 'please click on the most similar object to the following reference shape: default'}\n", "record": {"elapsed": {"repr": "0:00:31.049984", "seconds": 31.049984}, "exception": null, "extra": {"catch_model": "most_similar_object_hexagon_2309_yolov8n-seg.onnx", "ash": "please click on the most similar object to the following reference shape: default"}, "file": {"name": "control.py", "path": "/opt/hostedtoolcache/Python/3.10.13/x64/lib/python3.10/site-packages/hcaptcha_challenger/agents/playwright/control.py"}, "function": "lookup_objects", "level": {"icon": "üêû", "name": "DEBUG", "no": 10}, "line": 317, "message": "handle task", "module": "control", "name": "hcaptcha_challenger.agents.playwright.control", "process": {"id": 3611, "name": "MainProcess"}, "thread": {"id": 139805987777408, "name": "MainThread"}, "time": {"repr": "2023-11-25 11:25:39.493104+08:00", "timestamp": 1700882739.493104}}}
{"text": "2023-11-25 11:25:41 | DEBUG    | hcaptcha_challenger.agents.playwright.control:lookup_objects:317 | handle task - {'catch_model': 'most_similar_object_hexagon_2309_yolov8n-seg.onnx', 'ash': 'please click on the most similar object to the following reference shape: default'}\n", "record": {"elapsed": {"repr": "0:00:33.503929", "seconds": 33.503929}, "exception": null, "extra": {"catch_model": "most_similar_object_hexagon_2309_yolov8n-seg.onnx", "ash": "please click on the most similar object to the following reference shape: default"}, "file": {"name": "control.py", "path": "/opt/hostedtoolcache/Python/3.10.13/x64/lib/python3.10/site-packages/hcaptcha_challenger/agents/playwright/control.py"}, "function": "lookup_objects", "level": {"icon": "üêû", "name": "DEBUG", "no": 10}, "line": 317, "message": "handle task", "module": "control", "name": "hcaptcha_challenger.agents.playwright.control", "process": {"id": 3611, "name": "MainProcess"}, "thread": {"id": 139805987777408, "name": "MainThread"}, "time": {"repr": "2023-11-25 11:25:41.947049+08:00", "timestamp": 1700882741.947049}}}
{"text": "2023-11-25 11:25:43 | DEBUG    | epic_games.agent:insert_challenge:106 | task done - {'sattus': 'success'}\n", "record": {"elapsed": {"repr": "0:00:35.228647", "seconds": 35.228647}, "exception": null, "extra": {"sattus": "success"}, "file": {"name": "agent.py", "path": "/home/runner/work/auto-game/auto-game/epic/src/epic_games/agent.py"}, "function": "insert_challenge", "level": {"icon": "üêû", "name": "DEBUG", "no": 10}, "line": 106, "message": "task done", "module": "agent", "name": "epic_games.agent", "process": {"id": 3611, "name": "MainProcess"}, "thread": {"id": 139805987777408, "name": "MainThread"}, "time": {"repr": "2023-11-25 11:25:43.671767+08:00", "timestamp": 1700882743.671767}}}
{"text": "2023-11-25 11:26:15 | INFO    | epic_games.agent:claim_weekly_games:294 | claim_weekly_games - {'action': 'go to store', 'url': 'https://store.epicgames.com/en-US/p/deliver-us-mars'}\n", "record": {"elapsed": {"repr": "0:01:07.356746", "seconds": 67.356746}, "exception": null, "extra": {"action": "go to store", "url": "https://store.epicgames.com/en-US/p/deliver-us-mars"}, "file": {"name": "agent.py", "path": "/home/runner/work/auto-game/auto-game/epic/src/epic_games/agent.py"}, "function": "claim_weekly_games", "level": {"icon": "‚ÑπÔ∏è", "name": "INFO", "no": 20}, "line": 294, "message": "claim_weekly_games", "module": "agent", "name": "epic_games.agent", "process": {"id": 3611, "name": "MainProcess"}, "thread": {"id": 139805987777408, "name": "MainThread"}, "time": {"repr": "2023-11-25 11:26:15.799866+08:00", "timestamp": 1700882775.799866}}}
{"text": "2023-11-25 11:26:24 | INFO    | epic_games.agent:claim_weekly_games:326 | claim_weekly_games - {'action': 'move to webPurchaseContainer iframe'}\n", "record": {"elapsed": {"repr": "0:01:15.861594", "seconds": 75.861594}, "exception": null, "extra": {"action": "move to webPurchaseContainer iframe"}, "file": {"name": "agent.py", "path": "/home/runner/work/auto-game/auto-game/epic/src/epic_games/agent.py"}, "function": "claim_weekly_games", "level": {"icon": "‚ÑπÔ∏è", "name": "INFO", "no": 20}, "line": 326, "message": "claim_weekly_games", "module": "agent", "name": "epic_games.agent", "process": {"id": 3611, "name": "MainProcess"}, "thread": {"id": 139805987777408, "name": "MainThread"}, "time": {"repr": "2023-11-25 11:26:24.304714+08:00", "timestamp": 1700882784.304714}}}
{"text": "2023-11-25 11:26:26 | INFO    | epic_games.agent:claim_weekly_games:328 | claim_weekly_games - {'action': 'click payment button'}\n", "record": {"elapsed": {"repr": "0:01:18.251186", "seconds": 78.251186}, "exception": null, "extra": {"action": "click payment button"}, "file": {"name": "agent.py", "path": "/home/runner/work/auto-game/auto-game/epic/src/epic_games/agent.py"}, "function": "claim_weekly_games", "level": {"icon": "‚ÑπÔ∏è", "name": "INFO", "no": 20}, "line": 328, "message": "claim_weekly_games", "module": "agent", "name": "epic_games.agent", "process": {"id": 3611, "name": "MainProcess"}, "thread": {"id": 139805987777408, "name": "MainThread"}, "time": {"repr": "2023-11-25 11:26:26.694306+08:00", "timestamp": 1700882786.694306}}}
{"text": "2023-11-25 11:26:31 | DEBUG    | hcaptcha_challenger.agents.playwright.control:_parse_label:241 | get task - {'prompt': 'Please click on the most similar object to the following reference s“ª–∞pe:'}\n", "record": {"elapsed": {"repr": "0:01:23.255129", "seconds": 83.255129}, "exception": null, "extra": {"prompt": "Please click on the most similar object to the following reference s“ª–∞pe:"}, "file": {"name": "control.py", "path": "/opt/hostedtoolcache/Python/3.10.13/x64/lib/python3.10/site-packages/hcaptcha_challenger/agents/playwright/control.py"}, "function": "_parse_label", "level": {"icon": "üêû", "name": "DEBUG", "no": 10}, "line": 241, "message": "get task", "module": "control", "name": "hcaptcha_challenger.agents.playwright.control", "process": {"id": 3611, "name": "MainProcess"}, "thread": {"id": 139805987777408, "name": "MainThread"}, "time": {"repr": "2023-11-25 11:26:31.698249+08:00", "timestamp": 1700882791.698249}}}
{"text": "2023-11-25 11:26:33 | DEBUG    | hcaptcha_challenger.agents.playwright.control:lookup_objects:317 | handle task - {'catch_model': 'most_similar_object_hexagon_2309_yolov8n-seg.onnx', 'ash': 'please click on the most similar object to the following reference shape: default'}\n", "record": {"elapsed": {"repr": "0:01:24.755482", "seconds": 84.755482}, "exception": null, "extra": {"catch_model": "most_similar_object_hexagon_2309_yolov8n-seg.onnx", "ash": "please click on the most similar object to the following reference shape: default"}, "file": {"name": "control.py", "path": "/opt/hostedtoolcache/Python/3.10.13/x64/lib/python3.10/site-packages/hcaptcha_challenger/agents/playwright/control.py"}, "function": "lookup_objects", "level": {"icon": "üêû", "name": "DEBUG", "no": 10}, "line": 317, "message": "handle task", "module": "control", "name": "hcaptcha_challenger.agents.playwright.control", "process": {"id": 3611, "name": "MainProcess"}, "thread": {"id": 139805987777408, "name": "MainThread"}, "time": {"repr": "2023-11-25 11:26:33.198602+08:00", "timestamp": 1700882793.198602}}}
{"text": "2023-11-25 11:26:37 | DEBUG    | epic_games.agent:insert_challenge:106 | task done - {'sattus': 'success'}\n", "record": {"elapsed": {"repr": "0:01:28.959193", "seconds": 88.959193}, "exception": null, "extra": {"sattus": "success"}, "file": {"name": "agent.py", "path": "/home/runner/work/auto-game/auto-game/epic/src/epic_games/agent.py"}, "function": "insert_challenge", "level": {"icon": "üêû", "name": "DEBUG", "no": 10}, "line": 106, "message": "task done", "module": "agent", "name": "epic_games.agent", "process": {"id": 3611, "name": "MainProcess"}, "thread": {"id": 139805987777408, "name": "MainThread"}, "time": {"repr": "2023-11-25 11:26:37.402313+08:00", "timestamp": 1700882797.402313}}}
{"text": "2023-11-25 11:27:09 | INFO    | epic_games.agent:claim_weekly_games:294 | claim_weekly_games - {'action': 'go to store', 'url': 'https://store.epicgames.com/en-US/p/deliver-us-mars'}\n", "record": {"elapsed": {"repr": "0:02:01.096570", "seconds": 121.09657}, "exception": null, "extra": {"action": "go to store", "url": "https://store.epicgames.com/en-US/p/deliver-us-mars"}, "file": {"name": "agent.py", "path": "/home/runner/work/auto-game/auto-game/epic/src/epic_games/agent.py"}, "function": "claim_weekly_games", "level": {"icon": "‚ÑπÔ∏è", "name": "INFO", "no": 20}, "line": 294, "message": "claim_weekly_games", "module": "agent", "name": "epic_games.agent", "process": {"id": 3611, "name": "MainProcess"}, "thread": {"id": 139805987777408, "name": "MainThread"}, "time": {"repr": "2023-11-25 11:27:09.539690+08:00", "timestamp": 1700882829.53969}}}
{"text": "2023-11-25 11:27:18 | INFO    | epic_games.agent:claim_weekly_games:326 | claim_weekly_games - {'action': 'move to webPurchaseContainer iframe'}\n", "record": {"elapsed": {"repr": "0:02:09.851675", "seconds": 129.851675}, "exception": null, "extra": {"action": "move to webPurchaseContainer iframe"}, "file": {"name": "agent.py", "path": "/home/runner/work/auto-game/auto-game/epic/src/epic_games/agent.py"}, "function": "claim_weekly_games", "level": {"icon": "‚ÑπÔ∏è", "name": "INFO", "no": 20}, "line": 326, "message": "claim_weekly_games", "module": "agent", "name": "epic_games.agent", "process": {"id": 3611, "name": "MainProcess"}, "thread": {"id": 139805987777408, "name": "MainThread"}, "time": {"repr": "2023-11-25 11:27:18.294795+08:00", "timestamp": 1700882838.294795}}}
{"text": "2023-11-25 11:27:20 | INFO    | epic_games.agent:claim_weekly_games:328 | claim_weekly_games - {'action': 'click payment button'}\n", "record": {"elapsed": {"repr": "0:02:12.222050", "seconds": 132.22205}, "exception": null, "extra": {"action": "click payment button"}, "file": {"name": "agent.py", "path": "/home/runner/work/auto-game/auto-game/epic/src/epic_games/agent.py"}, "function": "claim_weekly_games", "level": {"icon": "‚ÑπÔ∏è", "name": "INFO", "no": 20}, "line": 328, "message": "claim_weekly_games", "module": "agent", "name": "epic_games.agent", "process": {"id": 3611, "name": "MainProcess"}, "thread": {"id": 139805987777408, "name": "MainThread"}, "time": {"repr": "2023-11-25 11:27:20.665170+08:00", "timestamp": 1700882840.66517}}}
{"text": "2023-11-25 11:27:25 | DEBUG    | hcaptcha_challenger.agents.playwright.control:_parse_label:241 | get task - {'prompt': 'Please click each image containing an animal with four l–µgs'}\n", "record": {"elapsed": {"repr": "0:02:17.224234", "seconds": 137.224234}, "exception": null, "extra": {"prompt": "Please click each image containing an animal with four l–µgs"}, "file": {"name": "control.py", "path": "/opt/hostedtoolcache/Python/3.10.13/x64/lib/python3.10/site-packages/hcaptcha_challenger/agents/playwright/control.py"}, "function": "_parse_label", "level": {"icon": "üêû", "name": "DEBUG", "no": 10}, "line": 241, "message": "get task", "module": "control", "name": "hcaptcha_challenger.agents.playwright.control", "process": {"id": 3611, "name": "MainProcess"}, "thread": {"id": 139805987777408, "name": "MainThread"}, "time": {"repr": "2023-11-25 11:27:25.667354+08:00", "timestamp": 1700882845.667354}}}
{"text": "2023-11-25 11:27:26 | DEBUG    | hcaptcha_challenger.agents.playwright.control:_catch_all_binary_challenge:474 | handle task - {'unsupervised': 'binary', 'candidate_labels': ['This is a picture that looks like animal with four legs.', \"This is a picture that don't look like animal with four legs.\"], 'prompt': 'Please click each image containing an animal with four l–µgs', 'timit': '0.817s'}\n", "record": {"elapsed": {"repr": "0:02:18.167627", "seconds": 138.167627}, "exception": null, "extra": {"unsupervised": "binary", "candidate_labels": ["This is a picture that looks like animal with four legs.", "This is a picture that don't look like animal with four legs."], "prompt": "Please click each image containing an animal with four l–µgs", "timit": "0.817s"}, "file": {"name": "control.py", "path": "/opt/hostedtoolcache/Python/3.10.13/x64/lib/python3.10/site-packages/hcaptcha_challenger/agents/playwright/control.py"}, "function": "_catch_all_binary_challenge", "level": {"icon": "üêû", "name": "DEBUG", "no": 10}, "line": 474, "message": "handle task", "module": "control", "name": "hcaptcha_challenger.agents.playwright.control", "process": {"id": 3611, "name": "MainProcess"}, "thread": {"id": 139805987777408, "name": "MainThread"}, "time": {"repr": "2023-11-25 11:27:26.610747+08:00", "timestamp": 1700882846.610747}}}
{"text": "2023-11-25 11:27:37 | DEBUG    | epic_games.agent:insert_challenge:106 | task done - {'sattus': 'success'}\n", "record": {"elapsed": {"repr": "0:02:29.447693", "seconds": 149.447693}, "exception": null, "extra": {"sattus": "success"}, "file": {"name": "agent.py", "path": "/home/runner/work/auto-game/auto-game/epic/src/epic_games/agent.py"}, "function": "insert_challenge", "level": {"icon": "üêû", "name": "DEBUG", "no": 10}, "line": 106, "message": "task done", "module": "agent", "name": "epic_games.agent", "process": {"id": 3611, "name": "MainProcess"}, "thread": {"id": 139805987777408, "name": "MainThread"}, "time": {"repr": "2023-11-25 11:27:37.890813+08:00", "timestamp": 1700882857.890813}}}
{"text": "2023-11-25 11:28:09 | ERROR    | __main__:run:158 | An error has been caught in function 'run', process 'MainProcess' (3611), thread 'MainThread' (139805987777408): - {}\nTraceback (most recent call last):\n  File \"/home/runner/work/auto-game/auto-game/epic/src/claim.py\", line 151, in stash\n    await self.claim_epic_games(context)\n  File \"/home/runner/work/auto-game/auto-game/epic/src/claim.py\", line 122, in claim_epic_games\n    await epic.claim_weekly_games(page, single_promotions)\n  File \"/opt/hostedtoolcache/Python/3.10.13/x64/lib/python3.10/site-packages/tenacity/_asyncio.py\", line 88, in async_wrapped\n    return await fn(*args, **kwargs)\n  File \"/opt/hostedtoolcache/Python/3.10.13/x64/lib/python3.10/site-packages/tenacity/_asyncio.py\", line 47, in __call__\n    do = self.iter(retry_state=retry_state)\n  File \"/opt/hostedtoolcache/Python/3.10.13/x64/lib/python3.10/site-packages/tenacity/__init__.py\", line 325, in iter\n    raise retry_exc.reraise()\n  File \"/opt/hostedtoolcache/Python/3.10.13/x64/lib/python3.10/site-packages/tenacity/__init__.py\", line 158, in reraise\n    raise self.last_attempt.result()\n  File \"/opt/hostedtoolcache/Python/3.10.13/x64/lib/python3.10/concurrent/futures/_base.py\", line 451, in result\n    return self.__get_result()\n  File \"/opt/hostedtoolcache/Python/3.10.13/x64/lib/python3.10/concurrent/futures/_base.py\", line 403, in __get_result\n    raise self._exception\n  File \"/opt/hostedtoolcache/Python/3.10.13/x64/lib/python3.10/site-packages/tenacity/_asyncio.py\", line 50, in __call__\n    result = await fn(*args, **kwargs)\n  File \"/home/runner/work/auto-game/auto-game/epic/src/epic_games/agent.py\", line 338, in claim_weekly_games\n    await page.wait_for_url(recur_url)\n  File \"/opt/hostedtoolcache/Python/3.10.13/x64/lib/python3.10/site-packages/playwright/async_api/_generated.py\", line 9417, in wait_for_url\n    await self._impl_obj.wait_for_url(\n  File \"/opt/hostedtoolcache/Python/3.10.13/x64/lib/python3.10/site-packages/playwright/_impl/_page.py\", line 499, in wait_for_url\n    return await self._main_frame.wait_for_url(**locals_to_params(locals()))\n  File \"/opt/hostedtoolcache/Python/3.10.13/x64/lib/python3.10/site-packages/playwright/_impl/_frame.py\", line 227, in wait_for_url\n    async with self.expect_navigation(\n  File \"/opt/hostedtoolcache/Python/3.10.13/x64/lib/python3.10/site-packages/playwright/_impl/_event_context_manager.py\", line 33, in __aexit__\n    await self._future\n  File \"/opt/hostedtoolcache/Python/3.10.13/x64/lib/python3.10/site-packages/playwright/_impl/_frame.py\", line 202, in continuation\n    event = await waiter.result()\nplaywright._impl._errors.TimeoutError: Timeout 30000ms exceeded.\n=========================== logs ===========================\nwaiting for navigation to \"https://store.epicgames.com/en-US/cart/success\" until 'load'\n============================================================\n\nDuring handling of the above exception, another exception occurred:\n\nTraceback (most recent call last):\n  File \"/home/runner/work/auto-game/auto-game/epic/src/claim.py\", line 162, in <module>\n    asyncio.run(run())\n  File \"/opt/hostedtoolcache/Python/3.10.13/x64/lib/python3.10/asyncio/runners.py\", line 44, in run\n    return loop.run_until_complete(main)\n  File \"/opt/hostedtoolcache/Python/3.10.13/x64/lib/python3.10/asyncio/base_events.py\", line 636, in run_until_complete\n    self.run_forever()\n  File \"/opt/hostedtoolcache/Python/3.10.13/x64/lib/python3.10/asyncio/base_events.py\", line 603, in run_forever\n    self._run_once()\n  File \"/opt/hostedtoolcache/Python/3.10.13/x64/lib/python3.10/asyncio/base_events.py\", line 1909, in _run_once\n    handle._run()\n  File \"/opt/hostedtoolcache/Python/3.10.13/x64/lib/python3.10/asyncio/events.py\", line 80, in _run\n    self._context.run(self._callback, *self._args)\n> File \"/home/runner/work/auto-game/auto-game/epic/src/claim.py\", line 158, in run\n    await agent.stash()\n  File \"/home/runner/work/auto-game/auto-game/epic/src/claim.py\", line 139, in stash\n    async with async_playwright() as p:\n  File \"/opt/hostedtoolcache/Python/3.10.13/x64/lib/python3.10/site-packages/playwright/async_api/_context_manager.py\", line 58, in __aexit__\n    await self._connection.stop_async()\n  File \"/opt/hostedtoolcache/Python/3.10.13/x64/lib/python3.10/site-packages/playwright/_impl/_connection.py\", line 288, in stop_async\n    self.cleanup()\n  File \"/opt/hostedtoolcache/Python/3.10.13/x64/lib/python3.10/site-packages/playwright/_impl/_connection.py\", line 299, in cleanup\n    callback.future.set_exception(self._closed_error)\nasyncio.exceptions.InvalidStateError: invalid state\n", "record": {"elapsed": {"repr": "0:03:01.294845", "seconds": 181.294845}, "exception": {"type": "InvalidStateError", "value": "invalid state", "traceback": true}, "extra": {}, "file": {"name": "claim.py", "path": "/home/runner/work/auto-game/auto-game/epic/src/claim.py"}, "function": "run", "level": {"icon": "‚ùå", "name": "ERROR", "no": 40}, "line": 158, "message": "An error has been caught in function 'run', process 'MainProcess' (3611), thread 'MainThread' (139805987777408):", "module": "claim", "name": "__main__", "process": {"id": 3611, "name": "MainProcess"}, "thread": {"id": 139805987777408, "name": "MainThread"}, "time": {"repr": "2023-11-25 11:28:09.737965+08:00", "timestamp": 1700882889.737965}}}
