{"text": "2023-12-29 11:26:03 | INFO    | __main__:stash:131 | run - {'image': '20231121', 'version': '0.10.1.post2', 'role': 'EpicPlayer', 'headless': True}\n", "record": {"elapsed": {"repr": "0:00:01.462894", "seconds": 1.462894}, "exception": null, "extra": {"image": "20231121", "version": "0.10.1.post2", "role": "EpicPlayer", "headless": true}, "file": {"name": "claim.py", "path": "/home/runner/work/auto-game/auto-game/epic/src/claim.py"}, "function": "stash", "level": {"icon": "‚ÑπÔ∏è", "name": "INFO", "no": 20}, "line": 131, "message": "run", "module": "claim", "name": "__main__", "process": {"id": 3595, "name": "MainProcess"}, "thread": {"id": 139996340525952, "name": "MainThread"}, "time": {"repr": "2023-12-29 11:26:03.953369+08:00", "timestamp": 1703820363.953369}}}
{"text": "2023-12-29 11:26:10 | DEBUG    | __main__:create_tasks:66 | Put task - {'title': 'Cat Quest', 'url': 'https://store.epicgames.com/en-US/p/cat-quest-8373e0'}\n", "record": {"elapsed": {"repr": "0:00:07.592655", "seconds": 7.592655}, "exception": null, "extra": {"title": "Cat Quest", "url": "https://store.epicgames.com/en-US/p/cat-quest-8373e0"}, "file": {"name": "claim.py", "path": "/home/runner/work/auto-game/auto-game/epic/src/claim.py"}, "function": "create_tasks", "level": {"icon": "üêû", "name": "DEBUG", "no": 10}, "line": 66, "message": "Put task", "module": "claim", "name": "__main__", "process": {"id": 3595, "name": "MainProcess"}, "thread": {"id": 139996340525952, "name": "MainThread"}, "time": {"repr": "2023-12-29 11:26:10.083130+08:00", "timestamp": 1703820370.08313}}}
{"text": "2023-12-29 11:26:14 | INFO    | epic_games.agent:claim_weekly_games:294 | claim_weekly_games - {'action': 'go to store', 'url': 'https://store.epicgames.com/en-US/p/cat-quest-8373e0'}\n", "record": {"elapsed": {"repr": "0:00:12.487409", "seconds": 12.487409}, "exception": null, "extra": {"action": "go to store", "url": "https://store.epicgames.com/en-US/p/cat-quest-8373e0"}, "file": {"name": "agent.py", "path": "/home/runner/work/auto-game/auto-game/epic/src/epic_games/agent.py"}, "function": "claim_weekly_games", "level": {"icon": "‚ÑπÔ∏è", "name": "INFO", "no": 20}, "line": 294, "message": "claim_weekly_games", "module": "agent", "name": "epic_games.agent", "process": {"id": 3595, "name": "MainProcess"}, "thread": {"id": 139996340525952, "name": "MainThread"}, "time": {"repr": "2023-12-29 11:26:14.977884+08:00", "timestamp": 1703820374.977884}}}
{"text": "2023-12-29 11:26:24 | INFO    | epic_games.agent:claim_weekly_games:326 | claim_weekly_games - {'action': 'move to webPurchaseContainer iframe'}\n", "record": {"elapsed": {"repr": "0:00:21.622720", "seconds": 21.62272}, "exception": null, "extra": {"action": "move to webPurchaseContainer iframe"}, "file": {"name": "agent.py", "path": "/home/runner/work/auto-game/auto-game/epic/src/epic_games/agent.py"}, "function": "claim_weekly_games", "level": {"icon": "‚ÑπÔ∏è", "name": "INFO", "no": 20}, "line": 326, "message": "claim_weekly_games", "module": "agent", "name": "epic_games.agent", "process": {"id": 3595, "name": "MainProcess"}, "thread": {"id": 139996340525952, "name": "MainThread"}, "time": {"repr": "2023-12-29 11:26:24.113195+08:00", "timestamp": 1703820384.113195}}}
{"text": "2023-12-29 11:26:26 | INFO    | epic_games.agent:claim_weekly_games:328 | claim_weekly_games - {'action': 'click payment button'}\n", "record": {"elapsed": {"repr": "0:00:23.979256", "seconds": 23.979256}, "exception": null, "extra": {"action": "click payment button"}, "file": {"name": "agent.py", "path": "/home/runner/work/auto-game/auto-game/epic/src/epic_games/agent.py"}, "function": "claim_weekly_games", "level": {"icon": "‚ÑπÔ∏è", "name": "INFO", "no": 20}, "line": 328, "message": "claim_weekly_games", "module": "agent", "name": "epic_games.agent", "process": {"id": 3595, "name": "MainProcess"}, "thread": {"id": 139996340525952, "name": "MainThread"}, "time": {"repr": "2023-12-29 11:26:26.469731+08:00", "timestamp": 1703820386.469731}}}
{"text": "2023-12-29 11:26:31 | DEBUG    | hcaptcha_challenger.agents.playwright.control:_parse_label:241 | get task - {'prompt': 'Pl–µase —Ålick on –∞ll images of the heaviest animal spe—Åies'}\n", "record": {"elapsed": {"repr": "0:00:28.982195", "seconds": 28.982195}, "exception": null, "extra": {"prompt": "Pl–µase —Ålick on –∞ll images of the heaviest animal spe—Åies"}, "file": {"name": "control.py", "path": "/opt/hostedtoolcache/Python/3.10.13/x64/lib/python3.10/site-packages/hcaptcha_challenger/agents/playwright/control.py"}, "function": "_parse_label", "level": {"icon": "üêû", "name": "DEBUG", "no": 10}, "line": 241, "message": "get task", "module": "control", "name": "hcaptcha_challenger.agents.playwright.control", "process": {"id": 3595, "name": "MainProcess"}, "thread": {"id": 139996340525952, "name": "MainThread"}, "time": {"repr": "2023-12-29 11:26:31.472670+08:00", "timestamp": 1703820391.47267}}}
{"text": "2023-12-29 11:26:32 | DEBUG    | hcaptcha_challenger.agents.playwright.control:_catch_all_binary_challenge:474 | handle task - {'unsupervised': 'binary', 'candidate_labels': ['This is a picture that looks like please click on all images of the heaviest animal species.', \"This is a picture that don't look like please click on all images of the heaviest animal species.\"], 'prompt': 'Pl–µase —Ålick on –∞ll images of the heaviest animal spe—Åies', 'timit': '0.941s'}\n", "record": {"elapsed": {"repr": "0:00:30.149546", "seconds": 30.149546}, "exception": null, "extra": {"unsupervised": "binary", "candidate_labels": ["This is a picture that looks like please click on all images of the heaviest animal species.", "This is a picture that don't look like please click on all images of the heaviest animal species."], "prompt": "Pl–µase —Ålick on –∞ll images of the heaviest animal spe—Åies", "timit": "0.941s"}, "file": {"name": "control.py", "path": "/opt/hostedtoolcache/Python/3.10.13/x64/lib/python3.10/site-packages/hcaptcha_challenger/agents/playwright/control.py"}, "function": "_catch_all_binary_challenge", "level": {"icon": "üêû", "name": "DEBUG", "no": 10}, "line": 474, "message": "handle task", "module": "control", "name": "hcaptcha_challenger.agents.playwright.control", "process": {"id": 3595, "name": "MainProcess"}, "thread": {"id": 139996340525952, "name": "MainThread"}, "time": {"repr": "2023-12-29 11:26:32.640021+08:00", "timestamp": 1703820392.640021}}}
{"text": "2023-12-29 11:26:41 | DEBUG    | epic_games.agent:insert_challenge:106 | task done - {'sattus': 'success'}\n", "record": {"elapsed": {"repr": "0:00:39.335467", "seconds": 39.335467}, "exception": null, "extra": {"sattus": "success"}, "file": {"name": "agent.py", "path": "/home/runner/work/auto-game/auto-game/epic/src/epic_games/agent.py"}, "function": "insert_challenge", "level": {"icon": "üêû", "name": "DEBUG", "no": 10}, "line": 106, "message": "task done", "module": "agent", "name": "epic_games.agent", "process": {"id": 3595, "name": "MainProcess"}, "thread": {"id": 139996340525952, "name": "MainThread"}, "time": {"repr": "2023-12-29 11:26:41.825942+08:00", "timestamp": 1703820401.825942}}}
{"text": "2023-12-29 11:27:13 | INFO    | epic_games.agent:claim_weekly_games:294 | claim_weekly_games - {'action': 'go to store', 'url': 'https://store.epicgames.com/en-US/p/cat-quest-8373e0'}\n", "record": {"elapsed": {"repr": "0:01:11.501166", "seconds": 71.501166}, "exception": null, "extra": {"action": "go to store", "url": "https://store.epicgames.com/en-US/p/cat-quest-8373e0"}, "file": {"name": "agent.py", "path": "/home/runner/work/auto-game/auto-game/epic/src/epic_games/agent.py"}, "function": "claim_weekly_games", "level": {"icon": "‚ÑπÔ∏è", "name": "INFO", "no": 20}, "line": 294, "message": "claim_weekly_games", "module": "agent", "name": "epic_games.agent", "process": {"id": 3595, "name": "MainProcess"}, "thread": {"id": 139996340525952, "name": "MainThread"}, "time": {"repr": "2023-12-29 11:27:13.991641+08:00", "timestamp": 1703820433.991641}}}
{"text": "2023-12-29 11:27:22 | INFO    | epic_games.agent:claim_weekly_games:326 | claim_weekly_games - {'action': 'move to webPurchaseContainer iframe'}\n", "record": {"elapsed": {"repr": "0:01:19.792886", "seconds": 79.792886}, "exception": null, "extra": {"action": "move to webPurchaseContainer iframe"}, "file": {"name": "agent.py", "path": "/home/runner/work/auto-game/auto-game/epic/src/epic_games/agent.py"}, "function": "claim_weekly_games", "level": {"icon": "‚ÑπÔ∏è", "name": "INFO", "no": 20}, "line": 326, "message": "claim_weekly_games", "module": "agent", "name": "epic_games.agent", "process": {"id": 3595, "name": "MainProcess"}, "thread": {"id": 139996340525952, "name": "MainThread"}, "time": {"repr": "2023-12-29 11:27:22.283361+08:00", "timestamp": 1703820442.283361}}}
{"text": "2023-12-29 11:27:24 | INFO    | epic_games.agent:claim_weekly_games:328 | claim_weekly_games - {'action': 'click payment button'}\n", "record": {"elapsed": {"repr": "0:01:22.171980", "seconds": 82.17198}, "exception": null, "extra": {"action": "click payment button"}, "file": {"name": "agent.py", "path": "/home/runner/work/auto-game/auto-game/epic/src/epic_games/agent.py"}, "function": "claim_weekly_games", "level": {"icon": "‚ÑπÔ∏è", "name": "INFO", "no": 20}, "line": 328, "message": "claim_weekly_games", "module": "agent", "name": "epic_games.agent", "process": {"id": 3595, "name": "MainProcess"}, "thread": {"id": 139996340525952, "name": "MainThread"}, "time": {"repr": "2023-12-29 11:27:24.662455+08:00", "timestamp": 1703820444.662455}}}
{"text": "2023-12-29 11:27:29 | DEBUG    | hcaptcha_challenger.agents.playwright.control:_parse_label:241 | get task - {'prompt': 'Œ°lease click on all images of the heaviest animal spe—Åies'}\n", "record": {"elapsed": {"repr": "0:01:27.175671", "seconds": 87.175671}, "exception": null, "extra": {"prompt": "Œ°lease click on all images of the heaviest animal spe—Åies"}, "file": {"name": "control.py", "path": "/opt/hostedtoolcache/Python/3.10.13/x64/lib/python3.10/site-packages/hcaptcha_challenger/agents/playwright/control.py"}, "function": "_parse_label", "level": {"icon": "üêû", "name": "DEBUG", "no": 10}, "line": 241, "message": "get task", "module": "control", "name": "hcaptcha_challenger.agents.playwright.control", "process": {"id": 3595, "name": "MainProcess"}, "thread": {"id": 139996340525952, "name": "MainThread"}, "time": {"repr": "2023-12-29 11:27:29.666146+08:00", "timestamp": 1703820449.666146}}}
{"text": "2023-12-29 11:27:30 | DEBUG    | hcaptcha_challenger.agents.playwright.control:_catch_all_binary_challenge:474 | handle task - {'unsupervised': 'binary', 'candidate_labels': ['This is a picture that looks like œÅlease click on all images of the heaviest animal species.', \"This is a picture that don't look like œÅlease click on all images of the heaviest animal species.\"], 'prompt': 'Œ°lease click on all images of the heaviest animal spe—Åies', 'timit': '0.759s'}\n", "record": {"elapsed": {"repr": "0:01:28.086717", "seconds": 88.086717}, "exception": null, "extra": {"unsupervised": "binary", "candidate_labels": ["This is a picture that looks like œÅlease click on all images of the heaviest animal species.", "This is a picture that don't look like œÅlease click on all images of the heaviest animal species."], "prompt": "Œ°lease click on all images of the heaviest animal spe—Åies", "timit": "0.759s"}, "file": {"name": "control.py", "path": "/opt/hostedtoolcache/Python/3.10.13/x64/lib/python3.10/site-packages/hcaptcha_challenger/agents/playwright/control.py"}, "function": "_catch_all_binary_challenge", "level": {"icon": "üêû", "name": "DEBUG", "no": 10}, "line": 474, "message": "handle task", "module": "control", "name": "hcaptcha_challenger.agents.playwright.control", "process": {"id": 3595, "name": "MainProcess"}, "thread": {"id": 139996340525952, "name": "MainThread"}, "time": {"repr": "2023-12-29 11:27:30.577192+08:00", "timestamp": 1703820450.577192}}}
{"text": "2023-12-29 11:27:47 | DEBUG    | epic_games.agent:insert_challenge:106 | task done - {'sattus': 'success'}\n", "record": {"elapsed": {"repr": "0:01:44.717723", "seconds": 104.717723}, "exception": null, "extra": {"sattus": "success"}, "file": {"name": "agent.py", "path": "/home/runner/work/auto-game/auto-game/epic/src/epic_games/agent.py"}, "function": "insert_challenge", "level": {"icon": "üêû", "name": "DEBUG", "no": 10}, "line": 106, "message": "task done", "module": "agent", "name": "epic_games.agent", "process": {"id": 3595, "name": "MainProcess"}, "thread": {"id": 139996340525952, "name": "MainThread"}, "time": {"repr": "2023-12-29 11:27:47.208198+08:00", "timestamp": 1703820467.208198}}}
{"text": "2023-12-29 11:28:19 | INFO    | epic_games.agent:claim_weekly_games:294 | claim_weekly_games - {'action': 'go to store', 'url': 'https://store.epicgames.com/en-US/p/cat-quest-8373e0'}\n", "record": {"elapsed": {"repr": "0:02:16.886422", "seconds": 136.886422}, "exception": null, "extra": {"action": "go to store", "url": "https://store.epicgames.com/en-US/p/cat-quest-8373e0"}, "file": {"name": "agent.py", "path": "/home/runner/work/auto-game/auto-game/epic/src/epic_games/agent.py"}, "function": "claim_weekly_games", "level": {"icon": "‚ÑπÔ∏è", "name": "INFO", "no": 20}, "line": 294, "message": "claim_weekly_games", "module": "agent", "name": "epic_games.agent", "process": {"id": 3595, "name": "MainProcess"}, "thread": {"id": 139996340525952, "name": "MainThread"}, "time": {"repr": "2023-12-29 11:28:19.376897+08:00", "timestamp": 1703820499.376897}}}
{"text": "2023-12-29 11:28:27 | INFO    | epic_games.agent:claim_weekly_games:326 | claim_weekly_games - {'action': 'move to webPurchaseContainer iframe'}\n", "record": {"elapsed": {"repr": "0:02:25.140876", "seconds": 145.140876}, "exception": null, "extra": {"action": "move to webPurchaseContainer iframe"}, "file": {"name": "agent.py", "path": "/home/runner/work/auto-game/auto-game/epic/src/epic_games/agent.py"}, "function": "claim_weekly_games", "level": {"icon": "‚ÑπÔ∏è", "name": "INFO", "no": 20}, "line": 326, "message": "claim_weekly_games", "module": "agent", "name": "epic_games.agent", "process": {"id": 3595, "name": "MainProcess"}, "thread": {"id": 139996340525952, "name": "MainThread"}, "time": {"repr": "2023-12-29 11:28:27.631351+08:00", "timestamp": 1703820507.631351}}}
{"text": "2023-12-29 11:28:30 | INFO    | epic_games.agent:claim_weekly_games:328 | claim_weekly_games - {'action': 'click payment button'}\n", "record": {"elapsed": {"repr": "0:02:27.515606", "seconds": 147.515606}, "exception": null, "extra": {"action": "click payment button"}, "file": {"name": "agent.py", "path": "/home/runner/work/auto-game/auto-game/epic/src/epic_games/agent.py"}, "function": "claim_weekly_games", "level": {"icon": "‚ÑπÔ∏è", "name": "INFO", "no": 20}, "line": 328, "message": "claim_weekly_games", "module": "agent", "name": "epic_games.agent", "process": {"id": 3595, "name": "MainProcess"}, "thread": {"id": 139996340525952, "name": "MainThread"}, "time": {"repr": "2023-12-29 11:28:30.006081+08:00", "timestamp": 1703820510.006081}}}
{"text": "2023-12-29 11:28:35 | DEBUG    | hcaptcha_challenger.agents.playwright.control:_parse_label:241 | get task - {'prompt': 'Œ°lease cli—Åk on all images of the heaviest animal species'}\n", "record": {"elapsed": {"repr": "0:02:32.517665", "seconds": 152.517665}, "exception": null, "extra": {"prompt": "Œ°lease cli—Åk on all images of the heaviest animal species"}, "file": {"name": "control.py", "path": "/opt/hostedtoolcache/Python/3.10.13/x64/lib/python3.10/site-packages/hcaptcha_challenger/agents/playwright/control.py"}, "function": "_parse_label", "level": {"icon": "üêû", "name": "DEBUG", "no": 10}, "line": 241, "message": "get task", "module": "control", "name": "hcaptcha_challenger.agents.playwright.control", "process": {"id": 3595, "name": "MainProcess"}, "thread": {"id": 139996340525952, "name": "MainThread"}, "time": {"repr": "2023-12-29 11:28:35.008140+08:00", "timestamp": 1703820515.00814}}}
{"text": "2023-12-29 11:28:35 | DEBUG    | hcaptcha_challenger.agents.playwright.control:_catch_all_binary_challenge:474 | handle task - {'unsupervised': 'binary', 'candidate_labels': ['This is a picture that looks like œÅlease click on all images of the heaviest animal species.', \"This is a picture that don't look like œÅlease click on all images of the heaviest animal species.\"], 'prompt': 'Œ°lease cli—Åk on all images of the heaviest animal species', 'timit': '0.757s'}\n", "record": {"elapsed": {"repr": "0:02:33.430962", "seconds": 153.430962}, "exception": null, "extra": {"unsupervised": "binary", "candidate_labels": ["This is a picture that looks like œÅlease click on all images of the heaviest animal species.", "This is a picture that don't look like œÅlease click on all images of the heaviest animal species."], "prompt": "Œ°lease cli—Åk on all images of the heaviest animal species", "timit": "0.757s"}, "file": {"name": "control.py", "path": "/opt/hostedtoolcache/Python/3.10.13/x64/lib/python3.10/site-packages/hcaptcha_challenger/agents/playwright/control.py"}, "function": "_catch_all_binary_challenge", "level": {"icon": "üêû", "name": "DEBUG", "no": 10}, "line": 474, "message": "handle task", "module": "control", "name": "hcaptcha_challenger.agents.playwright.control", "process": {"id": 3595, "name": "MainProcess"}, "thread": {"id": 139996340525952, "name": "MainThread"}, "time": {"repr": "2023-12-29 11:28:35.921437+08:00", "timestamp": 1703820515.921437}}}
{"text": "2023-12-29 11:28:44 | DEBUG    | epic_games.agent:insert_challenge:106 | task done - {'sattus': 'success'}\n", "record": {"elapsed": {"repr": "0:02:42.435546", "seconds": 162.435546}, "exception": null, "extra": {"sattus": "success"}, "file": {"name": "agent.py", "path": "/home/runner/work/auto-game/auto-game/epic/src/epic_games/agent.py"}, "function": "insert_challenge", "level": {"icon": "üêû", "name": "DEBUG", "no": 10}, "line": 106, "message": "task done", "module": "agent", "name": "epic_games.agent", "process": {"id": 3595, "name": "MainProcess"}, "thread": {"id": 139996340525952, "name": "MainThread"}, "time": {"repr": "2023-12-29 11:28:44.926021+08:00", "timestamp": 1703820524.926021}}}
{"text": "2023-12-29 11:29:16 | ERROR    | __main__:run:158 | An error has been caught in function 'run', process 'MainProcess' (3595), thread 'MainThread' (139996340525952): - {}\nTraceback (most recent call last):\n  File \"/home/runner/work/auto-game/auto-game/epic/src/claim.py\", line 151, in stash\n    await self.claim_epic_games(context)\n  File \"/home/runner/work/auto-game/auto-game/epic/src/claim.py\", line 122, in claim_epic_games\n    await epic.claim_weekly_games(page, single_promotions)\n  File \"/opt/hostedtoolcache/Python/3.10.13/x64/lib/python3.10/site-packages/tenacity/_asyncio.py\", line 88, in async_wrapped\n    return await fn(*args, **kwargs)\n  File \"/opt/hostedtoolcache/Python/3.10.13/x64/lib/python3.10/site-packages/tenacity/_asyncio.py\", line 47, in __call__\n    do = self.iter(retry_state=retry_state)\n  File \"/opt/hostedtoolcache/Python/3.10.13/x64/lib/python3.10/site-packages/tenacity/__init__.py\", line 325, in iter\n    raise retry_exc.reraise()\n  File \"/opt/hostedtoolcache/Python/3.10.13/x64/lib/python3.10/site-packages/tenacity/__init__.py\", line 158, in reraise\n    raise self.last_attempt.result()\n  File \"/opt/hostedtoolcache/Python/3.10.13/x64/lib/python3.10/concurrent/futures/_base.py\", line 451, in result\n    return self.__get_result()\n  File \"/opt/hostedtoolcache/Python/3.10.13/x64/lib/python3.10/concurrent/futures/_base.py\", line 403, in __get_result\n    raise self._exception\n  File \"/opt/hostedtoolcache/Python/3.10.13/x64/lib/python3.10/site-packages/tenacity/_asyncio.py\", line 50, in __call__\n    result = await fn(*args, **kwargs)\n  File \"/home/runner/work/auto-game/auto-game/epic/src/epic_games/agent.py\", line 338, in claim_weekly_games\n    await page.wait_for_url(recur_url)\n  File \"/opt/hostedtoolcache/Python/3.10.13/x64/lib/python3.10/site-packages/playwright/async_api/_generated.py\", line 9417, in wait_for_url\n    await self._impl_obj.wait_for_url(\n  File \"/opt/hostedtoolcache/Python/3.10.13/x64/lib/python3.10/site-packages/playwright/_impl/_page.py\", line 499, in wait_for_url\n    return await self._main_frame.wait_for_url(**locals_to_params(locals()))\n  File \"/opt/hostedtoolcache/Python/3.10.13/x64/lib/python3.10/site-packages/playwright/_impl/_frame.py\", line 227, in wait_for_url\n    async with self.expect_navigation(\n  File \"/opt/hostedtoolcache/Python/3.10.13/x64/lib/python3.10/site-packages/playwright/_impl/_event_context_manager.py\", line 33, in __aexit__\n    await self._future\n  File \"/opt/hostedtoolcache/Python/3.10.13/x64/lib/python3.10/site-packages/playwright/_impl/_frame.py\", line 202, in continuation\n    event = await waiter.result()\nplaywright._impl._errors.TimeoutError: Timeout 30000ms exceeded.\n=========================== logs ===========================\nwaiting for navigation to \"https://store.epicgames.com/en-US/cart/success\" until 'load'\n============================================================\n\nDuring handling of the above exception, another exception occurred:\n\nTraceback (most recent call last):\n  File \"/home/runner/work/auto-game/auto-game/epic/src/claim.py\", line 162, in <module>\n    asyncio.run(run())\n  File \"/opt/hostedtoolcache/Python/3.10.13/x64/lib/python3.10/asyncio/runners.py\", line 44, in run\n    return loop.run_until_complete(main)\n  File \"/opt/hostedtoolcache/Python/3.10.13/x64/lib/python3.10/asyncio/base_events.py\", line 636, in run_until_complete\n    self.run_forever()\n  File \"/opt/hostedtoolcache/Python/3.10.13/x64/lib/python3.10/asyncio/base_events.py\", line 603, in run_forever\n    self._run_once()\n  File \"/opt/hostedtoolcache/Python/3.10.13/x64/lib/python3.10/asyncio/base_events.py\", line 1909, in _run_once\n    handle._run()\n  File \"/opt/hostedtoolcache/Python/3.10.13/x64/lib/python3.10/asyncio/events.py\", line 80, in _run\n    self._context.run(self._callback, *self._args)\n> File \"/home/runner/work/auto-game/auto-game/epic/src/claim.py\", line 158, in run\n    await agent.stash()\n  File \"/home/runner/work/auto-game/auto-game/epic/src/claim.py\", line 139, in stash\n    async with async_playwright() as p:\n  File \"/opt/hostedtoolcache/Python/3.10.13/x64/lib/python3.10/site-packages/playwright/async_api/_context_manager.py\", line 58, in __aexit__\n    await self._connection.stop_async()\n  File \"/opt/hostedtoolcache/Python/3.10.13/x64/lib/python3.10/site-packages/playwright/_impl/_connection.py\", line 288, in stop_async\n    self.cleanup()\n  File \"/opt/hostedtoolcache/Python/3.10.13/x64/lib/python3.10/site-packages/playwright/_impl/_connection.py\", line 299, in cleanup\n    callback.future.set_exception(self._closed_error)\nasyncio.exceptions.InvalidStateError: invalid state\n", "record": {"elapsed": {"repr": "0:03:14.274030", "seconds": 194.27403}, "exception": {"type": "InvalidStateError", "value": "invalid state", "traceback": true}, "extra": {}, "file": {"name": "claim.py", "path": "/home/runner/work/auto-game/auto-game/epic/src/claim.py"}, "function": "run", "level": {"icon": "‚ùå", "name": "ERROR", "no": 40}, "line": 158, "message": "An error has been caught in function 'run', process 'MainProcess' (3595), thread 'MainThread' (139996340525952):", "module": "claim", "name": "__main__", "process": {"id": 3595, "name": "MainProcess"}, "thread": {"id": 139996340525952, "name": "MainThread"}, "time": {"repr": "2023-12-29 11:29:16.764505+08:00", "timestamp": 1703820556.764505}}}
