{"text": "2023-12-23 11:25:11 | INFO    | __main__:stash:131 | run - {'image': '20231121', 'version': '0.10.1.post2', 'role': 'EpicPlayer', 'headless': True}\n", "record": {"elapsed": {"repr": "0:00:01.235342", "seconds": 1.235342}, "exception": null, "extra": {"image": "20231121", "version": "0.10.1.post2", "role": "EpicPlayer", "headless": true}, "file": {"name": "claim.py", "path": "/home/runner/work/auto-game/auto-game/epic/src/claim.py"}, "function": "stash", "level": {"icon": "‚ÑπÔ∏è", "name": "INFO", "no": 20}, "line": 131, "message": "run", "module": "claim", "name": "__main__", "process": {"id": 3492, "name": "MainProcess"}, "thread": {"id": 140030639254400, "name": "MainThread"}, "time": {"repr": "2023-12-23 11:25:11.938796+08:00", "timestamp": 1703301911.938796}}}
{"text": "2023-12-23 11:25:17 | DEBUG    | __main__:create_tasks:66 | Put task - {'title': 'Art of Rally', 'url': 'https://store.epicgames.com/en-US/p/art-of-rally'}\n", "record": {"elapsed": {"repr": "0:00:06.992455", "seconds": 6.992455}, "exception": null, "extra": {"title": "Art of Rally", "url": "https://store.epicgames.com/en-US/p/art-of-rally"}, "file": {"name": "claim.py", "path": "/home/runner/work/auto-game/auto-game/epic/src/claim.py"}, "function": "create_tasks", "level": {"icon": "üêû", "name": "DEBUG", "no": 10}, "line": 66, "message": "Put task", "module": "claim", "name": "__main__", "process": {"id": 3492, "name": "MainProcess"}, "thread": {"id": 140030639254400, "name": "MainThread"}, "time": {"repr": "2023-12-23 11:25:17.695909+08:00", "timestamp": 1703301917.695909}}}
{"text": "2023-12-23 11:25:23 | INFO    | epic_games.agent:claim_weekly_games:294 | claim_weekly_games - {'action': 'go to store', 'url': 'https://store.epicgames.com/en-US/p/art-of-rally'}\n", "record": {"elapsed": {"repr": "0:00:12.386726", "seconds": 12.386726}, "exception": null, "extra": {"action": "go to store", "url": "https://store.epicgames.com/en-US/p/art-of-rally"}, "file": {"name": "agent.py", "path": "/home/runner/work/auto-game/auto-game/epic/src/epic_games/agent.py"}, "function": "claim_weekly_games", "level": {"icon": "‚ÑπÔ∏è", "name": "INFO", "no": 20}, "line": 294, "message": "claim_weekly_games", "module": "agent", "name": "epic_games.agent", "process": {"id": 3492, "name": "MainProcess"}, "thread": {"id": 140030639254400, "name": "MainThread"}, "time": {"repr": "2023-12-23 11:25:23.090180+08:00", "timestamp": 1703301923.09018}}}
{"text": "2023-12-23 11:25:32 | INFO    | epic_games.agent:claim_weekly_games:326 | claim_weekly_games - {'action': 'move to webPurchaseContainer iframe'}\n", "record": {"elapsed": {"repr": "0:00:21.670482", "seconds": 21.670482}, "exception": null, "extra": {"action": "move to webPurchaseContainer iframe"}, "file": {"name": "agent.py", "path": "/home/runner/work/auto-game/auto-game/epic/src/epic_games/agent.py"}, "function": "claim_weekly_games", "level": {"icon": "‚ÑπÔ∏è", "name": "INFO", "no": 20}, "line": 326, "message": "claim_weekly_games", "module": "agent", "name": "epic_games.agent", "process": {"id": 3492, "name": "MainProcess"}, "thread": {"id": 140030639254400, "name": "MainThread"}, "time": {"repr": "2023-12-23 11:25:32.373936+08:00", "timestamp": 1703301932.373936}}}
{"text": "2023-12-23 11:25:34 | INFO    | epic_games.agent:claim_weekly_games:328 | claim_weekly_games - {'action': 'click payment button'}\n", "record": {"elapsed": {"repr": "0:00:24.055332", "seconds": 24.055332}, "exception": null, "extra": {"action": "click payment button"}, "file": {"name": "agent.py", "path": "/home/runner/work/auto-game/auto-game/epic/src/epic_games/agent.py"}, "function": "claim_weekly_games", "level": {"icon": "‚ÑπÔ∏è", "name": "INFO", "no": 20}, "line": 328, "message": "claim_weekly_games", "module": "agent", "name": "epic_games.agent", "process": {"id": 3492, "name": "MainProcess"}, "thread": {"id": 140030639254400, "name": "MainThread"}, "time": {"repr": "2023-12-23 11:25:34.758786+08:00", "timestamp": 1703301934.758786}}}
{"text": "2023-12-23 11:25:39 | DEBUG    | hcaptcha_challenger.agents.playwright.control:_parse_label:241 | get task - {'prompt': 'Ple–∞se cli—Åk on all images containing liquid water.'}\n", "record": {"elapsed": {"repr": "0:00:29.057377", "seconds": 29.057377}, "exception": null, "extra": {"prompt": "Ple–∞se cli—Åk on all images containing liquid water."}, "file": {"name": "control.py", "path": "/opt/hostedtoolcache/Python/3.10.13/x64/lib/python3.10/site-packages/hcaptcha_challenger/agents/playwright/control.py"}, "function": "_parse_label", "level": {"icon": "üêû", "name": "DEBUG", "no": 10}, "line": 241, "message": "get task", "module": "control", "name": "hcaptcha_challenger.agents.playwright.control", "process": {"id": 3492, "name": "MainProcess"}, "thread": {"id": 140030639254400, "name": "MainThread"}, "time": {"repr": "2023-12-23 11:25:39.760831+08:00", "timestamp": 1703301939.760831}}}
{"text": "2023-12-23 11:25:40 | DEBUG    | hcaptcha_challenger.agents.playwright.control:_catch_all_binary_challenge:474 | handle task - {'unsupervised': 'binary', 'candidate_labels': ['This is a picture that looks like liquid water.', \"This is a picture that don't look like liquid water.\"], 'prompt': 'Ple–∞se cli—Åk on all images containing liquid water.', 'timit': '0.926s'}\n", "record": {"elapsed": {"repr": "0:00:30.165891", "seconds": 30.165891}, "exception": null, "extra": {"unsupervised": "binary", "candidate_labels": ["This is a picture that looks like liquid water.", "This is a picture that don't look like liquid water."], "prompt": "Ple–∞se cli—Åk on all images containing liquid water.", "timit": "0.926s"}, "file": {"name": "control.py", "path": "/opt/hostedtoolcache/Python/3.10.13/x64/lib/python3.10/site-packages/hcaptcha_challenger/agents/playwright/control.py"}, "function": "_catch_all_binary_challenge", "level": {"icon": "üêû", "name": "DEBUG", "no": 10}, "line": 474, "message": "handle task", "module": "control", "name": "hcaptcha_challenger.agents.playwright.control", "process": {"id": 3492, "name": "MainProcess"}, "thread": {"id": 140030639254400, "name": "MainThread"}, "time": {"repr": "2023-12-23 11:25:40.869345+08:00", "timestamp": 1703301940.869345}}}
{"text": "2023-12-23 11:25:52 | DEBUG    | epic_games.agent:insert_challenge:106 | task done - {'sattus': 'success'}\n", "record": {"elapsed": {"repr": "0:00:41.886768", "seconds": 41.886768}, "exception": null, "extra": {"sattus": "success"}, "file": {"name": "agent.py", "path": "/home/runner/work/auto-game/auto-game/epic/src/epic_games/agent.py"}, "function": "insert_challenge", "level": {"icon": "üêû", "name": "DEBUG", "no": 10}, "line": 106, "message": "task done", "module": "agent", "name": "epic_games.agent", "process": {"id": 3492, "name": "MainProcess"}, "thread": {"id": 140030639254400, "name": "MainThread"}, "time": {"repr": "2023-12-23 11:25:52.590222+08:00", "timestamp": 1703301952.590222}}}
{"text": "2023-12-23 11:26:24 | INFO    | epic_games.agent:claim_weekly_games:294 | claim_weekly_games - {'action': 'go to store', 'url': 'https://store.epicgames.com/en-US/p/art-of-rally'}\n", "record": {"elapsed": {"repr": "0:01:14.068601", "seconds": 74.068601}, "exception": null, "extra": {"action": "go to store", "url": "https://store.epicgames.com/en-US/p/art-of-rally"}, "file": {"name": "agent.py", "path": "/home/runner/work/auto-game/auto-game/epic/src/epic_games/agent.py"}, "function": "claim_weekly_games", "level": {"icon": "‚ÑπÔ∏è", "name": "INFO", "no": 20}, "line": 294, "message": "claim_weekly_games", "module": "agent", "name": "epic_games.agent", "process": {"id": 3492, "name": "MainProcess"}, "thread": {"id": 140030639254400, "name": "MainThread"}, "time": {"repr": "2023-12-23 11:26:24.772055+08:00", "timestamp": 1703301984.772055}}}
{"text": "2023-12-23 11:26:33 | INFO    | epic_games.agent:claim_weekly_games:326 | claim_weekly_games - {'action': 'move to webPurchaseContainer iframe'}\n", "record": {"elapsed": {"repr": "0:01:22.949494", "seconds": 82.949494}, "exception": null, "extra": {"action": "move to webPurchaseContainer iframe"}, "file": {"name": "agent.py", "path": "/home/runner/work/auto-game/auto-game/epic/src/epic_games/agent.py"}, "function": "claim_weekly_games", "level": {"icon": "‚ÑπÔ∏è", "name": "INFO", "no": 20}, "line": 326, "message": "claim_weekly_games", "module": "agent", "name": "epic_games.agent", "process": {"id": 3492, "name": "MainProcess"}, "thread": {"id": 140030639254400, "name": "MainThread"}, "time": {"repr": "2023-12-23 11:26:33.652948+08:00", "timestamp": 1703301993.652948}}}
{"text": "2023-12-23 11:26:36 | INFO    | epic_games.agent:claim_weekly_games:328 | claim_weekly_games - {'action': 'click payment button'}\n", "record": {"elapsed": {"repr": "0:01:25.339713", "seconds": 85.339713}, "exception": null, "extra": {"action": "click payment button"}, "file": {"name": "agent.py", "path": "/home/runner/work/auto-game/auto-game/epic/src/epic_games/agent.py"}, "function": "claim_weekly_games", "level": {"icon": "‚ÑπÔ∏è", "name": "INFO", "no": 20}, "line": 328, "message": "claim_weekly_games", "module": "agent", "name": "epic_games.agent", "process": {"id": 3492, "name": "MainProcess"}, "thread": {"id": 140030639254400, "name": "MainThread"}, "time": {"repr": "2023-12-23 11:26:36.043167+08:00", "timestamp": 1703301996.043167}}}
{"text": "2023-12-23 11:26:41 | DEBUG    | hcaptcha_challenger.agents.playwright.control:_parse_label:241 | get task - {'prompt': 'Œ°l–µase click on all imag–µs containing liquid wat–µr.'}\n", "record": {"elapsed": {"repr": "0:01:30.342186", "seconds": 90.342186}, "exception": null, "extra": {"prompt": "Œ°l–µase click on all imag–µs containing liquid wat–µr."}, "file": {"name": "control.py", "path": "/opt/hostedtoolcache/Python/3.10.13/x64/lib/python3.10/site-packages/hcaptcha_challenger/agents/playwright/control.py"}, "function": "_parse_label", "level": {"icon": "üêû", "name": "DEBUG", "no": 10}, "line": 241, "message": "get task", "module": "control", "name": "hcaptcha_challenger.agents.playwright.control", "process": {"id": 3492, "name": "MainProcess"}, "thread": {"id": 140030639254400, "name": "MainThread"}, "time": {"repr": "2023-12-23 11:26:41.045640+08:00", "timestamp": 1703302001.04564}}}
{"text": "2023-12-23 11:26:41 | DEBUG    | hcaptcha_challenger.agents.playwright.control:_catch_all_binary_challenge:474 | handle task - {'unsupervised': 'binary', 'candidate_labels': ['This is a picture that looks like liquid water.', \"This is a picture that don't look like liquid water.\"], 'prompt': 'Œ°l–µase click on all imag–µs containing liquid wat–µr.', 'timit': '0.737s'}\n", "record": {"elapsed": {"repr": "0:01:31.226983", "seconds": 91.226983}, "exception": null, "extra": {"unsupervised": "binary", "candidate_labels": ["This is a picture that looks like liquid water.", "This is a picture that don't look like liquid water."], "prompt": "Œ°l–µase click on all imag–µs containing liquid wat–µr.", "timit": "0.737s"}, "file": {"name": "control.py", "path": "/opt/hostedtoolcache/Python/3.10.13/x64/lib/python3.10/site-packages/hcaptcha_challenger/agents/playwright/control.py"}, "function": "_catch_all_binary_challenge", "level": {"icon": "üêû", "name": "DEBUG", "no": 10}, "line": 474, "message": "handle task", "module": "control", "name": "hcaptcha_challenger.agents.playwright.control", "process": {"id": 3492, "name": "MainProcess"}, "thread": {"id": 140030639254400, "name": "MainThread"}, "time": {"repr": "2023-12-23 11:26:41.930437+08:00", "timestamp": 1703302001.930437}}}
{"text": "2023-12-23 11:26:53 | DEBUG    | epic_games.agent:insert_challenge:106 | task done - {'sattus': 'success'}\n", "record": {"elapsed": {"repr": "0:01:42.676540", "seconds": 102.67654}, "exception": null, "extra": {"sattus": "success"}, "file": {"name": "agent.py", "path": "/home/runner/work/auto-game/auto-game/epic/src/epic_games/agent.py"}, "function": "insert_challenge", "level": {"icon": "üêû", "name": "DEBUG", "no": 10}, "line": 106, "message": "task done", "module": "agent", "name": "epic_games.agent", "process": {"id": 3492, "name": "MainProcess"}, "thread": {"id": 140030639254400, "name": "MainThread"}, "time": {"repr": "2023-12-23 11:26:53.379994+08:00", "timestamp": 1703302013.379994}}}
{"text": "2023-12-23 11:27:25 | INFO    | epic_games.agent:claim_weekly_games:294 | claim_weekly_games - {'action': 'go to store', 'url': 'https://store.epicgames.com/en-US/p/art-of-rally'}\n", "record": {"elapsed": {"repr": "0:02:14.837776", "seconds": 134.837776}, "exception": null, "extra": {"action": "go to store", "url": "https://store.epicgames.com/en-US/p/art-of-rally"}, "file": {"name": "agent.py", "path": "/home/runner/work/auto-game/auto-game/epic/src/epic_games/agent.py"}, "function": "claim_weekly_games", "level": {"icon": "‚ÑπÔ∏è", "name": "INFO", "no": 20}, "line": 294, "message": "claim_weekly_games", "module": "agent", "name": "epic_games.agent", "process": {"id": 3492, "name": "MainProcess"}, "thread": {"id": 140030639254400, "name": "MainThread"}, "time": {"repr": "2023-12-23 11:27:25.541230+08:00", "timestamp": 1703302045.54123}}}
{"text": "2023-12-23 11:27:34 | INFO    | epic_games.agent:claim_weekly_games:326 | claim_weekly_games - {'action': 'move to webPurchaseContainer iframe'}\n", "record": {"elapsed": {"repr": "0:02:23.751667", "seconds": 143.751667}, "exception": null, "extra": {"action": "move to webPurchaseContainer iframe"}, "file": {"name": "agent.py", "path": "/home/runner/work/auto-game/auto-game/epic/src/epic_games/agent.py"}, "function": "claim_weekly_games", "level": {"icon": "‚ÑπÔ∏è", "name": "INFO", "no": 20}, "line": 326, "message": "claim_weekly_games", "module": "agent", "name": "epic_games.agent", "process": {"id": 3492, "name": "MainProcess"}, "thread": {"id": 140030639254400, "name": "MainThread"}, "time": {"repr": "2023-12-23 11:27:34.455121+08:00", "timestamp": 1703302054.455121}}}
{"text": "2023-12-23 11:27:36 | INFO    | epic_games.agent:claim_weekly_games:328 | claim_weekly_games - {'action': 'click payment button'}\n", "record": {"elapsed": {"repr": "0:02:26.152192", "seconds": 146.152192}, "exception": null, "extra": {"action": "click payment button"}, "file": {"name": "agent.py", "path": "/home/runner/work/auto-game/auto-game/epic/src/epic_games/agent.py"}, "function": "claim_weekly_games", "level": {"icon": "‚ÑπÔ∏è", "name": "INFO", "no": 20}, "line": 328, "message": "claim_weekly_games", "module": "agent", "name": "epic_games.agent", "process": {"id": 3492, "name": "MainProcess"}, "thread": {"id": 140030639254400, "name": "MainThread"}, "time": {"repr": "2023-12-23 11:27:36.855646+08:00", "timestamp": 1703302056.855646}}}
{"text": "2023-12-23 11:27:41 | DEBUG    | hcaptcha_challenger.agents.playwright.control:_parse_label:241 | get task - {'prompt': 'Pleas–µ click on all images containing liquid water.'}\n", "record": {"elapsed": {"repr": "0:02:31.154939", "seconds": 151.154939}, "exception": null, "extra": {"prompt": "Pleas–µ click on all images containing liquid water."}, "file": {"name": "control.py", "path": "/opt/hostedtoolcache/Python/3.10.13/x64/lib/python3.10/site-packages/hcaptcha_challenger/agents/playwright/control.py"}, "function": "_parse_label", "level": {"icon": "üêû", "name": "DEBUG", "no": 10}, "line": 241, "message": "get task", "module": "control", "name": "hcaptcha_challenger.agents.playwright.control", "process": {"id": 3492, "name": "MainProcess"}, "thread": {"id": 140030639254400, "name": "MainThread"}, "time": {"repr": "2023-12-23 11:27:41.858393+08:00", "timestamp": 1703302061.858393}}}
{"text": "2023-12-23 11:27:42 | DEBUG    | hcaptcha_challenger.agents.playwright.control:_catch_all_binary_challenge:474 | handle task - {'unsupervised': 'binary', 'candidate_labels': ['This is a picture that looks like liquid water.', \"This is a picture that don't look like liquid water.\"], 'prompt': 'Pleas–µ click on all images containing liquid water.', 'timit': '0.735s'}\n", "record": {"elapsed": {"repr": "0:02:32.014537", "seconds": 152.014537}, "exception": null, "extra": {"unsupervised": "binary", "candidate_labels": ["This is a picture that looks like liquid water.", "This is a picture that don't look like liquid water."], "prompt": "Pleas–µ click on all images containing liquid water.", "timit": "0.735s"}, "file": {"name": "control.py", "path": "/opt/hostedtoolcache/Python/3.10.13/x64/lib/python3.10/site-packages/hcaptcha_challenger/agents/playwright/control.py"}, "function": "_catch_all_binary_challenge", "level": {"icon": "üêû", "name": "DEBUG", "no": 10}, "line": 474, "message": "handle task", "module": "control", "name": "hcaptcha_challenger.agents.playwright.control", "process": {"id": 3492, "name": "MainProcess"}, "thread": {"id": 140030639254400, "name": "MainThread"}, "time": {"repr": "2023-12-23 11:27:42.717991+08:00", "timestamp": 1703302062.717991}}}
{"text": "2023-12-23 11:27:54 | DEBUG    | epic_games.agent:insert_challenge:106 | task done - {'sattus': 'success'}\n", "record": {"elapsed": {"repr": "0:02:43.358721", "seconds": 163.358721}, "exception": null, "extra": {"sattus": "success"}, "file": {"name": "agent.py", "path": "/home/runner/work/auto-game/auto-game/epic/src/epic_games/agent.py"}, "function": "insert_challenge", "level": {"icon": "üêû", "name": "DEBUG", "no": 10}, "line": 106, "message": "task done", "module": "agent", "name": "epic_games.agent", "process": {"id": 3492, "name": "MainProcess"}, "thread": {"id": 140030639254400, "name": "MainThread"}, "time": {"repr": "2023-12-23 11:27:54.062175+08:00", "timestamp": 1703302074.062175}}}
{"text": "2023-12-23 11:28:25 | ERROR    | __main__:run:158 | An error has been caught in function 'run', process 'MainProcess' (3492), thread 'MainThread' (140030639254400): - {}\nTraceback (most recent call last):\n  File \"/home/runner/work/auto-game/auto-game/epic/src/claim.py\", line 151, in stash\n    await self.claim_epic_games(context)\n  File \"/home/runner/work/auto-game/auto-game/epic/src/claim.py\", line 122, in claim_epic_games\n    await epic.claim_weekly_games(page, single_promotions)\n  File \"/opt/hostedtoolcache/Python/3.10.13/x64/lib/python3.10/site-packages/tenacity/_asyncio.py\", line 88, in async_wrapped\n    return await fn(*args, **kwargs)\n  File \"/opt/hostedtoolcache/Python/3.10.13/x64/lib/python3.10/site-packages/tenacity/_asyncio.py\", line 47, in __call__\n    do = self.iter(retry_state=retry_state)\n  File \"/opt/hostedtoolcache/Python/3.10.13/x64/lib/python3.10/site-packages/tenacity/__init__.py\", line 325, in iter\n    raise retry_exc.reraise()\n  File \"/opt/hostedtoolcache/Python/3.10.13/x64/lib/python3.10/site-packages/tenacity/__init__.py\", line 158, in reraise\n    raise self.last_attempt.result()\n  File \"/opt/hostedtoolcache/Python/3.10.13/x64/lib/python3.10/concurrent/futures/_base.py\", line 451, in result\n    return self.__get_result()\n  File \"/opt/hostedtoolcache/Python/3.10.13/x64/lib/python3.10/concurrent/futures/_base.py\", line 403, in __get_result\n    raise self._exception\n  File \"/opt/hostedtoolcache/Python/3.10.13/x64/lib/python3.10/site-packages/tenacity/_asyncio.py\", line 50, in __call__\n    result = await fn(*args, **kwargs)\n  File \"/home/runner/work/auto-game/auto-game/epic/src/epic_games/agent.py\", line 338, in claim_weekly_games\n    await page.wait_for_url(recur_url)\n  File \"/opt/hostedtoolcache/Python/3.10.13/x64/lib/python3.10/site-packages/playwright/async_api/_generated.py\", line 9417, in wait_for_url\n    await self._impl_obj.wait_for_url(\n  File \"/opt/hostedtoolcache/Python/3.10.13/x64/lib/python3.10/site-packages/playwright/_impl/_page.py\", line 499, in wait_for_url\n    return await self._main_frame.wait_for_url(**locals_to_params(locals()))\n  File \"/opt/hostedtoolcache/Python/3.10.13/x64/lib/python3.10/site-packages/playwright/_impl/_frame.py\", line 227, in wait_for_url\n    async with self.expect_navigation(\n  File \"/opt/hostedtoolcache/Python/3.10.13/x64/lib/python3.10/site-packages/playwright/_impl/_event_context_manager.py\", line 33, in __aexit__\n    await self._future\n  File \"/opt/hostedtoolcache/Python/3.10.13/x64/lib/python3.10/site-packages/playwright/_impl/_frame.py\", line 202, in continuation\n    event = await waiter.result()\nplaywright._impl._errors.TimeoutError: Timeout 30000ms exceeded.\n=========================== logs ===========================\nwaiting for navigation to \"https://store.epicgames.com/en-US/cart/success\" until 'load'\n============================================================\n\nDuring handling of the above exception, another exception occurred:\n\nTraceback (most recent call last):\n  File \"/home/runner/work/auto-game/auto-game/epic/src/claim.py\", line 162, in <module>\n    asyncio.run(run())\n  File \"/opt/hostedtoolcache/Python/3.10.13/x64/lib/python3.10/asyncio/runners.py\", line 44, in run\n    return loop.run_until_complete(main)\n  File \"/opt/hostedtoolcache/Python/3.10.13/x64/lib/python3.10/asyncio/base_events.py\", line 636, in run_until_complete\n    self.run_forever()\n  File \"/opt/hostedtoolcache/Python/3.10.13/x64/lib/python3.10/asyncio/base_events.py\", line 603, in run_forever\n    self._run_once()\n  File \"/opt/hostedtoolcache/Python/3.10.13/x64/lib/python3.10/asyncio/base_events.py\", line 1909, in _run_once\n    handle._run()\n  File \"/opt/hostedtoolcache/Python/3.10.13/x64/lib/python3.10/asyncio/events.py\", line 80, in _run\n    self._context.run(self._callback, *self._args)\n> File \"/home/runner/work/auto-game/auto-game/epic/src/claim.py\", line 158, in run\n    await agent.stash()\n  File \"/home/runner/work/auto-game/auto-game/epic/src/claim.py\", line 139, in stash\n    async with async_playwright() as p:\n  File \"/opt/hostedtoolcache/Python/3.10.13/x64/lib/python3.10/site-packages/playwright/async_api/_context_manager.py\", line 58, in __aexit__\n    await self._connection.stop_async()\n  File \"/opt/hostedtoolcache/Python/3.10.13/x64/lib/python3.10/site-packages/playwright/_impl/_connection.py\", line 288, in stop_async\n    self.cleanup()\n  File \"/opt/hostedtoolcache/Python/3.10.13/x64/lib/python3.10/site-packages/playwright/_impl/_connection.py\", line 299, in cleanup\n    callback.future.set_exception(self._closed_error)\nasyncio.exceptions.InvalidStateError: invalid state\n", "record": {"elapsed": {"repr": "0:03:15.213301", "seconds": 195.213301}, "exception": {"type": "InvalidStateError", "value": "invalid state", "traceback": true}, "extra": {}, "file": {"name": "claim.py", "path": "/home/runner/work/auto-game/auto-game/epic/src/claim.py"}, "function": "run", "level": {"icon": "‚ùå", "name": "ERROR", "no": 40}, "line": 158, "message": "An error has been caught in function 'run', process 'MainProcess' (3492), thread 'MainThread' (140030639254400):", "module": "claim", "name": "__main__", "process": {"id": 3492, "name": "MainProcess"}, "thread": {"id": 140030639254400, "name": "MainThread"}, "time": {"repr": "2023-12-23 11:28:25.916755+08:00", "timestamp": 1703302105.916755}}}
